<?xml version="1.0" encoding="UTF-8"?>
<!-- Generated by org.testng.reporters.JUnitReportReporter -->
<testsuite skipped="0" hostname="Mahimas-MacBook-Pro.local" name="parallel.ParallelRun" tests="4" failures="1" timestamp="10 Oct 2022 08:19:47 GMT" time="188.679" errors="0">
  <testcase name="runScenario" time="51.423" classname="parallel.ParallelRun"/>
  <testcase name="runScenario" time="46.196" classname="parallel.ParallelRun"/>
  <testcase name="runScenario" time="48.201" classname="parallel.ParallelRun"/>
  <testcase name="runScenario" time="42.859" classname="parallel.ParallelRun">
    <failure type="org.junit.ComparisonFailure" message="expected:&lt;[https://www.anz.com.au/personal/home-loans/calculators-tools/much-borrow/]&gt; but was:&lt;[dfdfd]&gt;">
      <![CDATA[org.junit.ComparisonFailure: expected:<[https://www.anz.com.au/personal/home-loans/calculators-tools/much-borrow/]> but was:<[dfdfd]>
at org.junit.Assert.assertEquals(Assert.java:117)
at org.junit.Assert.assertEquals(Assert.java:146)
at parallel.GenerateBorrowEstimationSteps.user_gets_application_url_as(GenerateBorrowEstimationSteps.java:107)
at ✽.User is on home page(classpath:parallel/BorrowEstimates.feature:24)
]]>
    </failure>
  </testcase> <!-- runScenario -->
</testsuite> <!-- parallel.ParallelRun -->
